app/build/intermediates/manifest_merge_blame_file/debug/manifest-merger-blame-debug-report.txt
1<?xml version="1.0" encoding="utf-8"?>
2<manifest xmlns:android="http://schemas.android.com/apk/res/android"
3    package="com.example.myinsole"
4    android:versionCode="1"
5    android:versionName="1.0" >
6
7    <uses-sdk
8        android:minSdkVersion="31"
8-->src\main\AndroidManifest.xml
9        android:targetSdkVersion="32" />
9-->src\main\AndroidManifest.xml
10    <!-- 应用使用蓝牙的权限 -->
11    <uses-permission android:name="android.permission.BLUETOOTH" /> <!-- 启动设备发现或操作蓝牙设置的权限 -->
11-->src\main\AndroidManifest.xml:5:5-68
11-->src\main\AndroidManifest.xml:5:22-65
12    <uses-permission android:name="android.permission.BLUETOOTH_ADMIN" /> <!-- 蓝牙扫描和连接权限 -->
12-->src\main\AndroidManifest.xml:6:5-74
12-->src\main\AndroidManifest.xml:6:22-71
13    <uses-permission android:name="android.permission.BLUETOOTH_CONNECT" />
13-->src\main\AndroidManifest.xml:7:5-76
13-->src\main\AndroidManifest.xml:7:22-73
14    <uses-permission android:name="android.permission.BLUETOOTH_SCAN" /> <!-- 位置权限 -->
14-->src\main\AndroidManifest.xml:8:5-73
14-->src\main\AndroidManifest.xml:8:22-70
15    <!-- Android 10以上系统，需要ACCESS_FINE_LOCATION -->
16    <uses-permission android:name="android.permission.ACCESS_FINE_LOCATION" /> <!-- Android 9以及以下系统，需要ACCESS_FINE_LOCATION -->
16-->src\main\AndroidManifest.xml:10:5-79
16-->src\main\AndroidManifest.xml:10:22-76
17    <uses-permission android:name="android.permission.ACCESS_COARSE_LOCATION" /> <!-- 低功耗设备使用 -->
17-->src\main\AndroidManifest.xml:11:5-81
17-->src\main\AndroidManifest.xml:11:22-78
18    <!-- 网络权限 -->
19    <uses-permission android:name="android.permission.INTERNET" />
19-->src\main\AndroidManifest.xml:13:5-67
19-->src\main\AndroidManifest.xml:13:22-64
20
21    <uses-feature
21-->src\main\AndroidManifest.xml:15:5-17:35
22        android:name="android.hardware.bluetooth_le"
22-->src\main\AndroidManifest.xml:16:9-53
23        android:required="true" />
23-->src\main\AndroidManifest.xml:17:9-32
24
25    <application
25-->src\main\AndroidManifest.xml:19:5-71:19
26        android:name="com.example.myinsole.logic.utils.MyApplication"
26-->src\main\AndroidManifest.xml:20:9-50
27        android:allowBackup="true"
27-->src\main\AndroidManifest.xml:21:9-35
28        android:appComponentFactory="androidx.core.app.CoreComponentFactory"
28-->[androidx.core:core:1.7.0] AndroidManifest.xml:24:18-86
29        android:dataExtractionRules="@xml/data_extraction_rules"
29-->src\main\AndroidManifest.xml:22:9-65
30        android:debuggable="true"
31        android:extractNativeLibs="false"
32        android:fullBackupContent="@xml/backup_rules"
32-->src\main\AndroidManifest.xml:23:9-54
33        android:icon="@mipmap/ic_launcher"
33-->src\main\AndroidManifest.xml:24:9-43
34        android:label="@string/app_name"
34-->src\main\AndroidManifest.xml:25:9-41
35        android:networkSecurityConfig="@xml/network_config"
35-->src\main\AndroidManifest.xml:26:9-60
36        android:roundIcon="@mipmap/ic_launcher_round"
36-->src\main\AndroidManifest.xml:27:9-54
37        android:supportsRtl="true"
37-->src\main\AndroidManifest.xml:28:9-35
38        android:testOnly="true"
39        android:theme="@style/Theme.MyInsole" >
39-->src\main\AndroidManifest.xml:29:9-46
40        <activity
40-->src\main\AndroidManifest.xml:31:9-39:20
41            android:name="com.example.myinsole.UserInfoActivity"
41-->src\main\AndroidManifest.xml:32:13-45
42            android:exported="false"
42-->src\main\AndroidManifest.xml:33:13-37
43            android:label="@string/title_activity_user_info"
43-->src\main\AndroidManifest.xml:34:13-61
44            android:theme="@style/Theme.MyInsole.NoActionBar" >
44-->src\main\AndroidManifest.xml:35:13-62
45            <meta-data
45-->src\main\AndroidManifest.xml:36:13-38:36
46                android:name="android.app.lib_name"
46-->src\main\AndroidManifest.xml:37:17-52
47                android:value="" />
47-->src\main\AndroidManifest.xml:38:17-33
48        </activity>
49
50        <service
50-->src\main\AndroidManifest.xml:41:9-44:39
51            android:name="com.example.myinsole.logic.service.BluetoothService"
51-->src\main\AndroidManifest.xml:42:13-59
52            android:enabled="true"
52-->src\main\AndroidManifest.xml:43:13-35
53            android:exported="true" />
53-->src\main\AndroidManifest.xml:44:13-36
54
55        <activity
55-->src\main\AndroidManifest.xml:46:9-58:20
56            android:name="com.example.myinsole.MainActivity"
56-->src\main\AndroidManifest.xml:47:13-41
57            android:exported="true" >
57-->src\main\AndroidManifest.xml:48:13-36
58            <intent-filter>
58-->src\main\AndroidManifest.xml:49:13-53:29
59                <action android:name="android.intent.action.MAIN" />
59-->src\main\AndroidManifest.xml:50:17-69
59-->src\main\AndroidManifest.xml:50:25-66
60
61                <category android:name="android.intent.category.LAUNCHER" />
61-->src\main\AndroidManifest.xml:52:17-77
61-->src\main\AndroidManifest.xml:52:27-74
62            </intent-filter>
63
64            <meta-data
64-->src\main\AndroidManifest.xml:36:13-38:36
65                android:name="android.app.lib_name"
65-->src\main\AndroidManifest.xml:37:17-52
66                android:value="" />
66-->src\main\AndroidManifest.xml:38:17-33
67        </activity>
68        <activity
68-->src\main\AndroidManifest.xml:59:9-62:34
69            android:name="com.example.myinsole.ui.login.LoginActivity"
69-->src\main\AndroidManifest.xml:60:13-51
70            android:exported="true"
70-->src\main\AndroidManifest.xml:61:13-36
71            android:label="登录" />
71-->src\main\AndroidManifest.xml:62:13-31
72        <activity
72-->src\main\AndroidManifest.xml:63:9-66:34
73            android:name="com.example.myinsole.ui.login.RegisterActivity"
73-->src\main\AndroidManifest.xml:64:13-54
74            android:exported="true"
74-->src\main\AndroidManifest.xml:65:13-36
75            android:label="注册" />
75-->src\main\AndroidManifest.xml:66:13-31
76        <activity
76-->src\main\AndroidManifest.xml:67:9-70:36
77            android:name="com.example.myinsole.ui.myaccount.UserInfoActivity"
77-->src\main\AndroidManifest.xml:68:13-58
78            android:exported="true"
78-->src\main\AndroidManifest.xml:69:13-36
79            android:label="详细信息" />
79-->src\main\AndroidManifest.xml:70:13-33
80
81        <uses-library
81-->[androidx.window:window:1.0.0] AndroidManifest.xml:25:9-27:40
82            android:name="androidx.window.extensions"
82-->[androidx.window:window:1.0.0] AndroidManifest.xml:26:13-54
83            android:required="false" />
83-->[androidx.window:window:1.0.0] AndroidManifest.xml:27:13-37
84        <uses-library
84-->[androidx.window:window:1.0.0] AndroidManifest.xml:28:9-30:40
85            android:name="androidx.window.sidecar"
85-->[androidx.window:window:1.0.0] AndroidManifest.xml:29:13-51
86            android:required="false" />
86-->[androidx.window:window:1.0.0] AndroidManifest.xml:30:13-37
87
88        <provider
88-->[androidx.emoji2:emoji2:1.0.0] AndroidManifest.xml:26:9-34:20
89            android:name="androidx.startup.InitializationProvider"
89-->[androidx.emoji2:emoji2:1.0.0] AndroidManifest.xml:27:13-67
90            android:authorities="com.example.myinsole.androidx-startup"
90-->[androidx.emoji2:emoji2:1.0.0] AndroidManifest.xml:28:13-68
91            android:exported="false" >
91-->[androidx.emoji2:emoji2:1.0.0] AndroidManifest.xml:29:13-37
92            <meta-data
92-->[androidx.emoji2:emoji2:1.0.0] AndroidManifest.xml:31:13-33:52
93                android:name="androidx.emoji2.text.EmojiCompatInitializer"
93-->[androidx.emoji2:emoji2:1.0.0] AndroidManifest.xml:32:17-75
94                android:value="androidx.startup" />
94-->[androidx.emoji2:emoji2:1.0.0] AndroidManifest.xml:33:17-49
95            <meta-data
95-->[androidx.lifecycle:lifecycle-process:2.4.0] AndroidManifest.xml:31:13-33:52
96                android:name="androidx.lifecycle.ProcessLifecycleInitializer"
96-->[androidx.lifecycle:lifecycle-process:2.4.0] AndroidManifest.xml:32:17-78
97                android:value="androidx.startup" />
97-->[androidx.lifecycle:lifecycle-process:2.4.0] AndroidManifest.xml:33:17-49
98        </provider>
99    </application>
100
101</manifest>